<?xml version="1.0" encoding="UTF-8"?>
<!-- Generated by org.testng.reporters.JUnitReportReporter -->
<testsuite hostname="DESKTOP-HLONFUV" failures="0" tests="2" name="testgroup.testpackage.Errorvalidation" time="7.689" errors="0" timestamp="2024-11-18T12:50:40 IST" skipped="0">
  <testcase classname="testgroup.testpackage.Errorvalidation" name="wrongCreds" time="4.794"/>
  <system-out/>
  <testcase classname="testgroup.testpackage.Errorvalidation" name="invalidFormat" time="2.895"/>
  <system-out/>
</testsuite> <!-- testgroup.testpackage.Errorvalidation -->
