<?xml version="1.0" encoding="UTF-8"?>
<!-- Generated by org.testng.reporters.JUnitReportReporter -->
<testsuite hostname="DESKTOP-HLONFUV" failures="0" tests="4" name="testgroup.testpackage.total" time="25.020" errors="0" timestamp="2024-11-18T12:08:17 IST" skipped="0">
  <testcase classname="testgroup.testpackage.total" name="placeOrder" time="9.976"/>
  <system-out/>
  <testcase classname="testgroup.testpackage.total" name="checkOrderHistory" time="2.572"/>
  <system-out/>
  <testcase classname="testgroup.testpackage.total" name="checkOrderHistory" time="3.000"/>
  <system-out/>
  <testcase classname="testgroup.testpackage.total" name="placeOrder" time="9.472"/>
  <system-out/>
</testsuite> <!-- testgroup.testpackage.total -->
